  whereexpr.c
  wherecode.c
  where.c
  walker.c
  wal.c
  vtab.c
  vdbetrace.c
  vdbesort.c
  vdbemem.c
  vdbeblob.c
  vdbeaux.c
  vdbeapi.c
  vdbe.c
  vacuum.c
  util.c
  utf.c
  userauth.c
  upsert.c
  update.c
  trigger.c
  正在生成代码...
  正在编译...
  treeview.c
  tokenize.c
  threads.c
  table.c
  status.c
  sqlite3session.c
  shell.c
  select.c
  rowset.c
  resolve.c
  random.c
  printf.c
  prepare.c
  pragma.c
  pcache1.c
  pcache.c
  parse.c
  pager.c
  os_win.c
  os_unix.c
  正在生成代码...
  正在编译...
  os.c
  opcodes.c
  notify.c
  mutex_w32.c
  mutex_unix.c
  mutex_noop.c
  mutex.c
  memjournal.c
  memdb.c
  mem5.c
  mem3.c
  mem2.c
  mem1.c
  mem0.c
  malloc.c
  main.c
  loadext.c
  legacy.c
  insert.c
  hash.c
  正在生成代码...
  正在编译...
  global.c
  func.c
  fts1_tokenizer1.c
  fts1_porter.c
  fts1_hash.c
  fkey.c
  fault.c
  expr.c
  delete.c
  dbstat.c
  dbpage.c
  date.c
  ctime.c
  complete.c
  callback.c
  build.c
  btree.c
  btmutex.c
  bitvec.c
  backup.c
  正在生成代码...
  正在编译...
  auth.c
  attach.c
  analyze.c
  alter.c
  正在生成代码...
  sqlite-preprocessed-3240000.vcxproj -> D:\sqlite_sourcecode\sqlite-preprocessed-3240000\sqlite-preprocessed-3240000\Debug\sqlite-preprocessed-3240000.exe
  sqlite-preprocessed-3240000.vcxproj -> D:\sqlite_sourcecode\sqlite-preprocessed-3240000\sqlite-preprocessed-3240000\Debug\sqlite-preprocessed-3240000.pdb (Full PDB)
