d:\sqlite_sourcecode\sqlite-preprocessed-3240000\sqlite-preprocessed-3240000\debug\vc140.pdb
d:\sqlite_sourcecode\sqlite-preprocessed-3240000\sqlite-preprocessed-3240000\debug\vc140.idb
d:\sqlite_sourcecode\sqlite-preprocessed-3240000\sqlite-preprocessed-3240000\debug\trigger.obj
d:\sqlite_sourcecode\sqlite-preprocessed-3240000\sqlite-preprocessed-3240000\debug\update.obj
d:\sqlite_sourcecode\sqlite-preprocessed-3240000\sqlite-preprocessed-3240000\debug\upsert.obj
d:\sqlite_sourcecode\sqlite-preprocessed-3240000\sqlite-preprocessed-3240000\debug\userauth.obj
d:\sqlite_sourcecode\sqlite-preprocessed-3240000\sqlite-preprocessed-3240000\debug\utf.obj
d:\sqlite_sourcecode\sqlite-preprocessed-3240000\sqlite-preprocessed-3240000\debug\util.obj
d:\sqlite_sourcecode\sqlite-preprocessed-3240000\sqlite-preprocessed-3240000\debug\vacuum.obj
d:\sqlite_sourcecode\sqlite-preprocessed-3240000\sqlite-preprocessed-3240000\debug\vdbe.obj
d:\sqlite_sourcecode\sqlite-preprocessed-3240000\sqlite-preprocessed-3240000\debug\vdbeapi.obj
d:\sqlite_sourcecode\sqlite-preprocessed-3240000\sqlite-preprocessed-3240000\debug\vdbeaux.obj
d:\sqlite_sourcecode\sqlite-preprocessed-3240000\sqlite-preprocessed-3240000\debug\vdbeblob.obj
d:\sqlite_sourcecode\sqlite-preprocessed-3240000\sqlite-preprocessed-3240000\debug\vdbemem.obj
d:\sqlite_sourcecode\sqlite-preprocessed-3240000\sqlite-preprocessed-3240000\debug\vdbesort.obj
d:\sqlite_sourcecode\sqlite-preprocessed-3240000\sqlite-preprocessed-3240000\debug\vdbetrace.obj
d:\sqlite_sourcecode\sqlite-preprocessed-3240000\sqlite-preprocessed-3240000\debug\vtab.obj
d:\sqlite_sourcecode\sqlite-preprocessed-3240000\sqlite-preprocessed-3240000\debug\wal.obj
d:\sqlite_sourcecode\sqlite-preprocessed-3240000\sqlite-preprocessed-3240000\debug\walker.obj
d:\sqlite_sourcecode\sqlite-preprocessed-3240000\sqlite-preprocessed-3240000\debug\where.obj
d:\sqlite_sourcecode\sqlite-preprocessed-3240000\sqlite-preprocessed-3240000\debug\wherecode.obj
d:\sqlite_sourcecode\sqlite-preprocessed-3240000\sqlite-preprocessed-3240000\debug\whereexpr.obj
d:\sqlite_sourcecode\sqlite-preprocessed-3240000\sqlite-preprocessed-3240000\debug\pcache.obj
d:\sqlite_sourcecode\sqlite-preprocessed-3240000\sqlite-preprocessed-3240000\debug\pcache1.obj
d:\sqlite_sourcecode\sqlite-preprocessed-3240000\sqlite-preprocessed-3240000\debug\pragma.obj
d:\sqlite_sourcecode\sqlite-preprocessed-3240000\sqlite-preprocessed-3240000\debug\prepare.obj
d:\sqlite_sourcecode\sqlite-preprocessed-3240000\sqlite-preprocessed-3240000\debug\printf.obj
d:\sqlite_sourcecode\sqlite-preprocessed-3240000\sqlite-preprocessed-3240000\debug\random.obj
d:\sqlite_sourcecode\sqlite-preprocessed-3240000\sqlite-preprocessed-3240000\debug\resolve.obj
d:\sqlite_sourcecode\sqlite-preprocessed-3240000\sqlite-preprocessed-3240000\debug\rowset.obj
d:\sqlite_sourcecode\sqlite-preprocessed-3240000\sqlite-preprocessed-3240000\debug\rtree.obj
d:\sqlite_sourcecode\sqlite-preprocessed-3240000\sqlite-preprocessed-3240000\debug\select.obj
d:\sqlite_sourcecode\sqlite-preprocessed-3240000\sqlite-preprocessed-3240000\debug\shell.obj
d:\sqlite_sourcecode\sqlite-preprocessed-3240000\sqlite-preprocessed-3240000\debug\sqlite3rbu.obj
d:\sqlite_sourcecode\sqlite-preprocessed-3240000\sqlite-preprocessed-3240000\debug\sqlite3session.obj
d:\sqlite_sourcecode\sqlite-preprocessed-3240000\sqlite-preprocessed-3240000\debug\status.obj
d:\sqlite_sourcecode\sqlite-preprocessed-3240000\sqlite-preprocessed-3240000\debug\stmt.obj
d:\sqlite_sourcecode\sqlite-preprocessed-3240000\sqlite-preprocessed-3240000\debug\table.obj
d:\sqlite_sourcecode\sqlite-preprocessed-3240000\sqlite-preprocessed-3240000\debug\threads.obj
d:\sqlite_sourcecode\sqlite-preprocessed-3240000\sqlite-preprocessed-3240000\debug\tokenize.obj
d:\sqlite_sourcecode\sqlite-preprocessed-3240000\sqlite-preprocessed-3240000\debug\treeview.obj
d:\sqlite_sourcecode\sqlite-preprocessed-3240000\sqlite-preprocessed-3240000\debug\main.obj
d:\sqlite_sourcecode\sqlite-preprocessed-3240000\sqlite-preprocessed-3240000\debug\malloc.obj
d:\sqlite_sourcecode\sqlite-preprocessed-3240000\sqlite-preprocessed-3240000\debug\mem0.obj
d:\sqlite_sourcecode\sqlite-preprocessed-3240000\sqlite-preprocessed-3240000\debug\mem1.obj
d:\sqlite_sourcecode\sqlite-preprocessed-3240000\sqlite-preprocessed-3240000\debug\mem2.obj
d:\sqlite_sourcecode\sqlite-preprocessed-3240000\sqlite-preprocessed-3240000\debug\mem3.obj
d:\sqlite_sourcecode\sqlite-preprocessed-3240000\sqlite-preprocessed-3240000\debug\mem5.obj
d:\sqlite_sourcecode\sqlite-preprocessed-3240000\sqlite-preprocessed-3240000\debug\memdb.obj
d:\sqlite_sourcecode\sqlite-preprocessed-3240000\sqlite-preprocessed-3240000\debug\memjournal.obj
d:\sqlite_sourcecode\sqlite-preprocessed-3240000\sqlite-preprocessed-3240000\debug\mutex.obj
d:\sqlite_sourcecode\sqlite-preprocessed-3240000\sqlite-preprocessed-3240000\debug\mutex_noop.obj
d:\sqlite_sourcecode\sqlite-preprocessed-3240000\sqlite-preprocessed-3240000\debug\mutex_unix.obj
d:\sqlite_sourcecode\sqlite-preprocessed-3240000\sqlite-preprocessed-3240000\debug\mutex_w32.obj
d:\sqlite_sourcecode\sqlite-preprocessed-3240000\sqlite-preprocessed-3240000\debug\notify.obj
d:\sqlite_sourcecode\sqlite-preprocessed-3240000\sqlite-preprocessed-3240000\debug\opcodes.obj
d:\sqlite_sourcecode\sqlite-preprocessed-3240000\sqlite-preprocessed-3240000\debug\os.obj
d:\sqlite_sourcecode\sqlite-preprocessed-3240000\sqlite-preprocessed-3240000\debug\os_unix.obj
d:\sqlite_sourcecode\sqlite-preprocessed-3240000\sqlite-preprocessed-3240000\debug\os_win.obj
d:\sqlite_sourcecode\sqlite-preprocessed-3240000\sqlite-preprocessed-3240000\debug\pager.obj
d:\sqlite_sourcecode\sqlite-preprocessed-3240000\sqlite-preprocessed-3240000\debug\parse.obj
d:\sqlite_sourcecode\sqlite-preprocessed-3240000\sqlite-preprocessed-3240000\debug\fts3_expr.obj
d:\sqlite_sourcecode\sqlite-preprocessed-3240000\sqlite-preprocessed-3240000\debug\fts3_hash.obj
d:\sqlite_sourcecode\sqlite-preprocessed-3240000\sqlite-preprocessed-3240000\debug\fts3_icu.obj
d:\sqlite_sourcecode\sqlite-preprocessed-3240000\sqlite-preprocessed-3240000\debug\fts3_porter.obj
d:\sqlite_sourcecode\sqlite-preprocessed-3240000\sqlite-preprocessed-3240000\debug\fts3_snippet.obj
d:\sqlite_sourcecode\sqlite-preprocessed-3240000\sqlite-preprocessed-3240000\debug\fts3_tokenizer.obj
d:\sqlite_sourcecode\sqlite-preprocessed-3240000\sqlite-preprocessed-3240000\debug\fts3_tokenizer1.obj
d:\sqlite_sourcecode\sqlite-preprocessed-3240000\sqlite-preprocessed-3240000\debug\fts3_tokenize_vtab.obj
d:\sqlite_sourcecode\sqlite-preprocessed-3240000\sqlite-preprocessed-3240000\debug\fts3_unicode.obj
d:\sqlite_sourcecode\sqlite-preprocessed-3240000\sqlite-preprocessed-3240000\debug\fts3_unicode2.obj
d:\sqlite_sourcecode\sqlite-preprocessed-3240000\sqlite-preprocessed-3240000\debug\fts3_write.obj
d:\sqlite_sourcecode\sqlite-preprocessed-3240000\sqlite-preprocessed-3240000\debug\fts5.obj
d:\sqlite_sourcecode\sqlite-preprocessed-3240000\sqlite-preprocessed-3240000\debug\func.obj
d:\sqlite_sourcecode\sqlite-preprocessed-3240000\sqlite-preprocessed-3240000\debug\global.obj
d:\sqlite_sourcecode\sqlite-preprocessed-3240000\sqlite-preprocessed-3240000\debug\hash.obj
d:\sqlite_sourcecode\sqlite-preprocessed-3240000\sqlite-preprocessed-3240000\debug\insert.obj
d:\sqlite_sourcecode\sqlite-preprocessed-3240000\sqlite-preprocessed-3240000\debug\json1.obj
d:\sqlite_sourcecode\sqlite-preprocessed-3240000\sqlite-preprocessed-3240000\debug\legacy.obj
d:\sqlite_sourcecode\sqlite-preprocessed-3240000\sqlite-preprocessed-3240000\debug\loadext.obj
d:\sqlite_sourcecode\sqlite-preprocessed-3240000\sqlite-preprocessed-3240000\debug\ctime.obj
d:\sqlite_sourcecode\sqlite-preprocessed-3240000\sqlite-preprocessed-3240000\debug\date.obj
d:\sqlite_sourcecode\sqlite-preprocessed-3240000\sqlite-preprocessed-3240000\debug\dbpage.obj
d:\sqlite_sourcecode\sqlite-preprocessed-3240000\sqlite-preprocessed-3240000\debug\dbstat.obj
d:\sqlite_sourcecode\sqlite-preprocessed-3240000\sqlite-preprocessed-3240000\debug\delete.obj
d:\sqlite_sourcecode\sqlite-preprocessed-3240000\sqlite-preprocessed-3240000\debug\expr.obj
d:\sqlite_sourcecode\sqlite-preprocessed-3240000\sqlite-preprocessed-3240000\debug\fault.obj
d:\sqlite_sourcecode\sqlite-preprocessed-3240000\sqlite-preprocessed-3240000\debug\fkey.obj
d:\sqlite_sourcecode\sqlite-preprocessed-3240000\sqlite-preprocessed-3240000\debug\fts1_hash.obj
d:\sqlite_sourcecode\sqlite-preprocessed-3240000\sqlite-preprocessed-3240000\debug\fts1_porter.obj
d:\sqlite_sourcecode\sqlite-preprocessed-3240000\sqlite-preprocessed-3240000\debug\fts1_tokenizer1.obj
d:\sqlite_sourcecode\sqlite-preprocessed-3240000\sqlite-preprocessed-3240000\debug\fts2_hash.obj
d:\sqlite_sourcecode\sqlite-preprocessed-3240000\sqlite-preprocessed-3240000\debug\fts2_icu.obj
d:\sqlite_sourcecode\sqlite-preprocessed-3240000\sqlite-preprocessed-3240000\debug\fts2_porter.obj
d:\sqlite_sourcecode\sqlite-preprocessed-3240000\sqlite-preprocessed-3240000\debug\fts2_tokenizer.obj
d:\sqlite_sourcecode\sqlite-preprocessed-3240000\sqlite-preprocessed-3240000\debug\fts2_tokenizer1.obj
d:\sqlite_sourcecode\sqlite-preprocessed-3240000\sqlite-preprocessed-3240000\debug\fts3.obj
d:\sqlite_sourcecode\sqlite-preprocessed-3240000\sqlite-preprocessed-3240000\debug\fts3_aux.obj
d:\sqlite_sourcecode\sqlite-preprocessed-3240000\sqlite-preprocessed-3240000\debug\alter.obj
d:\sqlite_sourcecode\sqlite-preprocessed-3240000\sqlite-preprocessed-3240000\debug\analyze.obj
d:\sqlite_sourcecode\sqlite-preprocessed-3240000\sqlite-preprocessed-3240000\debug\attach.obj
d:\sqlite_sourcecode\sqlite-preprocessed-3240000\sqlite-preprocessed-3240000\debug\auth.obj
d:\sqlite_sourcecode\sqlite-preprocessed-3240000\sqlite-preprocessed-3240000\debug\backup.obj
d:\sqlite_sourcecode\sqlite-preprocessed-3240000\sqlite-preprocessed-3240000\debug\bitvec.obj
d:\sqlite_sourcecode\sqlite-preprocessed-3240000\sqlite-preprocessed-3240000\debug\btmutex.obj
d:\sqlite_sourcecode\sqlite-preprocessed-3240000\sqlite-preprocessed-3240000\debug\btree.obj
d:\sqlite_sourcecode\sqlite-preprocessed-3240000\sqlite-preprocessed-3240000\debug\build.obj
d:\sqlite_sourcecode\sqlite-preprocessed-3240000\sqlite-preprocessed-3240000\debug\callback.obj
d:\sqlite_sourcecode\sqlite-preprocessed-3240000\sqlite-preprocessed-3240000\debug\complete.obj
d:\sqlite_sourcecode\sqlite-preprocessed-3240000\sqlite-preprocessed-3240000\debug\sqlite-preprocessed-3240000.exp
d:\sqlite_sourcecode\sqlite-preprocessed-3240000\sqlite-preprocessed-3240000\debug\sqlite-preprocessed-3240000.pdb
d:\sqlite_sourcecode\sqlite-preprocessed-3240000\sqlite-preprocessed-3240000\debug\sqlite-p.ee4dd127.tlog\cl.command.1.tlog
d:\sqlite_sourcecode\sqlite-preprocessed-3240000\sqlite-preprocessed-3240000\debug\sqlite-p.ee4dd127.tlog\cl.read.1.tlog
d:\sqlite_sourcecode\sqlite-preprocessed-3240000\sqlite-preprocessed-3240000\debug\sqlite-p.ee4dd127.tlog\cl.write.1.tlog
d:\sqlite_sourcecode\sqlite-preprocessed-3240000\sqlite-preprocessed-3240000\debug\sqlite-p.ee4dd127.tlog\link-cvtres.read.1.tlog
d:\sqlite_sourcecode\sqlite-preprocessed-3240000\sqlite-preprocessed-3240000\debug\sqlite-p.ee4dd127.tlog\link-cvtres.write.1.tlog
d:\sqlite_sourcecode\sqlite-preprocessed-3240000\sqlite-preprocessed-3240000\debug\sqlite-p.ee4dd127.tlog\link-rc.read.1.tlog
d:\sqlite_sourcecode\sqlite-preprocessed-3240000\sqlite-preprocessed-3240000\debug\sqlite-p.ee4dd127.tlog\link-rc.write.1.tlog
d:\sqlite_sourcecode\sqlite-preprocessed-3240000\sqlite-preprocessed-3240000\debug\sqlite-p.ee4dd127.tlog\link.command.1.tlog
d:\sqlite_sourcecode\sqlite-preprocessed-3240000\sqlite-preprocessed-3240000\debug\sqlite-p.ee4dd127.tlog\link.read.1.tlog
d:\sqlite_sourcecode\sqlite-preprocessed-3240000\sqlite-preprocessed-3240000\debug\sqlite-p.ee4dd127.tlog\link.write.1.tlog
